<?xml version="1.0" encoding="UTF-8"?>
<testsuite xmlns:xsi="http://www.w3.org/2001/XMLSchema-instance" xsi:noNamespaceSchemaLocation="https://maven.apache.org/surefire/maven-surefire-plugin/xsd/surefire-test-report.xsd" name="org.example.AccountTest" time="0.223" tests="4" errors="0" skipped="0" failures="0">
  <properties>
[...]
</properties>
  <testcase name="checkThatNameLessThan3SymbolsReturnsFalse" classname="org.example.AccountTest" time="0.048"/>
  <testcase name="checkThatNameWithMoreThanOneSpaceInsideReturnsFalse" classname="org.example.AccountTest" time="0.002"/>
  <testcase name="checkThatNameMoreThan19SymbolsReturnsFalse" classname="org.example.AccountTest" time="0.001"/>
  <testcase name="checkThatCorrectNameReturnsTrue" classname="org.example.AccountTest" time="0.001"/>
</testsuite>